#
# A fatal error has been detected by the Java Runtime Environment:
#
#  Internal Error (javaClasses.cpp:129), pid=1020, tid=4308
#  fatal error: Invalid layout of preloaded class
#
# JRE version: 7.0_13-b20
# Java VM: Java HotSpot(TM) 64-Bit Server VM (23.7-b01 mixed mode windows-amd64 compressed oops)
# Failed to write core dump. Minidumps are not enabled by default on client versions of Windows
#
# If you would like to submit a bug report, please visit:
#   http://bugreport.sun.com/bugreport/crash.jsp
#

---------------  T H R E A D  ---------------

Current thread (0x000000000226c000):  JavaThread "Unknown thread" [_thread_in_vm, id=4308, stack(0x0000000002470000,0x0000000002570000)]

Stack: [0x0000000002470000,0x0000000002570000]

---------------  P R O C E S S  ---------------

Java Threads: ( => current thread )

Other Threads:

=>0x000000000226c000 (exited) JavaThread "Unknown thread" [_thread_in_vm, id=4308, stack(0x0000000002470000,0x0000000002570000)]

VM state:not at safepoint (not fully initialized)

VM Mutex/Monitor currently owned by a thread: None

GC Heap History (0 events):
No events

Deoptimization events (0 events):
No events

Internal exceptions (0 events):
No events

Events (10 events):
Event: 0.017 loading class 0x0000000002122690 done
Event: 0.017 loading class 0x00000000020e9bc0 done
Event: 0.017 loading class 0x00000000020e9b90
Event: 0.017 loading class 0x00000000021717b0
Event: 0.018 loading class 0x00000000021717b0 done
Event: 0.018 loading class 0x00000000021717f0
Event: 0.018 loading class 0x00000000021717f0 done
Event: 0.018 loading class 0x000000000875ef80
Event: 0.018 loading class 0x000000000875ef80 done
Event: 0.018 loading class 0x00000000020e9b90 done


Dynamic libraries:
0x000000013fa40000 - 0x000000013fa73000 	C:\Program Files\Java\jre7\bin\javaw.exe
0x0000000077bc0000 - 0x0000000077d69000 	C:\Windows\SYSTEM32\ntdll.dll
0x0000000077aa0000 - 0x0000000077bbf000 	C:\Windows\system32\kernel32.dll
0x000007fefdc80000 - 0x000007fefdceb000 	C:\Windows\system32\KERNELBASE.dll
0x000007feffd40000 - 0x000007feffe1b000 	C:\Windows\system32\ADVAPI32.dll
0x000007feff710000 - 0x000007feff7af000 	C:\Windows\system32\msvcrt.dll
0x000007feffbc0000 - 0x000007feffbdf000 	C:\Windows\SYSTEM32\sechost.dll
0x000007feffa60000 - 0x000007feffb8d000 	C:\Windows\system32\RPCRT4.dll
0x00000000779a0000 - 0x0000000077a9a000 	C:\Windows\system32\USER32.dll
0x000007feff6a0000 - 0x000007feff707000 	C:\Windows\system32\GDI32.dll
0x000007feffb90000 - 0x000007feffb9e000 	C:\Windows\system32\LPK.dll
0x000007fefe140000 - 0x000007fefe209000 	C:\Windows\system32\USP10.dll
0x000007fefc3c0000 - 0x000007fefc5b4000 	C:\Windows\WinSxS\amd64_microsoft.windows.common-controls_6595b64144ccf1df_6.0.7601.17514_none_fa396087175ac9ac\COMCTL32.dll
0x000007feffc80000 - 0x000007feffcf1000 	C:\Windows\system32\SHLWAPI.dll
0x000007feffd00000 - 0x000007feffd2e000 	C:\Windows\system32\IMM32.DLL
0x000007fefe720000 - 0x000007fefe829000 	C:\Windows\system32\MSCTF.dll
0x000000006d440000 - 0x000000006d511000 	C:\Program Files\Java\jre7\bin\msvcr100.dll
0x000000006cd20000 - 0x000000006d43f000 	C:\Program Files\Java\jre7\bin\server\jvm.dll
0x000007fef4690000 - 0x000007fef4699000 	C:\Windows\system32\WSOCK32.dll
0x000007feffe80000 - 0x000007feffecd000 	C:\Windows\system32\WS2_32.dll
0x000007feffd30000 - 0x000007feffd38000 	C:\Windows\system32\NSI.dll
0x000007fefbce0000 - 0x000007fefbd1b000 	C:\Windows\system32\WINMM.dll
0x0000000077d80000 - 0x0000000077d87000 	C:\Windows\system32\PSAPI.DLL
0x000000006d5f0000 - 0x000000006d5ff000 	C:\Program Files\Java\jre7\bin\verify.dll
0x000000006d5c0000 - 0x000000006d5e8000 	C:\Program Files\Java\jre7\bin\java.dll
0x000000006d5a0000 - 0x000000006d5b5000 	C:\Program Files\Java\jre7\bin\zip.dll

VM Arguments:
jvm_args: -Dfile.encoding=Cp1252 -Xbootclasspath:C:\Users\Darius\android-sdks\platforms\android-17\android.jar 
java_command: alviradevelopment.android.concerts.CrawlerActivity
Launcher Type: SUN_STANDARD

Environment Variables:
CLASSPATH=.;C:\Program Files (x86)\QuickTime\QTSystem\QTJava.zip
PATH=C:\Program Files (x86)\ActiveState Komodo Edit 7\;C:\Windows\system32;C:\Windows;C:\Windows\System32\Wbem;C:\Windows\System32\WindowsPowerShell\v1.0\;C:\Program Files (x86)\QuickTime\QTSystem\
USERNAME=Darius
OS=Windows_NT
PROCESSOR_IDENTIFIER=Intel64 Family 6 Model 23 Stepping 10, GenuineIntel



---------------  S Y S T E M  ---------------

OS: Windows 7 , 64 bit Build 7601 Service Pack 1

CPU:total 2 (2 cores per cpu, 1 threads per core) family 6 model 23 stepping 10, cmov, cx8, fxsr, mmx, sse, sse2, sse3, ssse3, sse4.1, tsc

Memory: 4k page, physical 4095188k(2118952k free), swap 8188516k(5950564k free)

vm_info: Java HotSpot(TM) 64-Bit Server VM (23.7-b01) for windows-amd64 JRE (1.7.0_13-b20), built on Jan 30 2013 10:10:00 by "java_re" with unknown MS VC++:1600

time: Thu Apr 18 11:56:08 2013
elapsed time: 0 seconds

